The system is: Linux - 2.6.32-754.17.1.el6.x86_64 - x86_64
Compiling the C compiler identification source file "CMakeCCompilerId.c" succeeded.
Compiler: /cvmfs/larsoft.opensciencegrid.org/products/gcc/v7_3_0/Linux64bit+2.6-2.12/bin/cc 
Build flags: 
Id flags:  

The output was:
0


Compilation of the C compiler identification source "CMakeCCompilerId.c" produced "a.out"

The C compiler identification is GNU, found in "/dune/app/users/mtanaz/GArSoft/srcs/garsoft/Ana/ParamSim_debug_9/build/CMakeFiles/3.10.1/CompilerIdC/a.out"

Compiling the CXX compiler identification source file "CMakeCXXCompilerId.cpp" succeeded.
Compiler: /cvmfs/larsoft.opensciencegrid.org/products/gcc/v7_3_0/Linux64bit+2.6-2.12/bin/c++ 
Build flags: 
Id flags:  

The output was:
0


Compilation of the CXX compiler identification source "CMakeCXXCompilerId.cpp" produced "a.out"

The CXX compiler identification is GNU, found in "/dune/app/users/mtanaz/GArSoft/srcs/garsoft/Ana/ParamSim_debug_9/build/CMakeFiles/3.10.1/CompilerIdCXX/a.out"

Determining if the C compiler works passed with the following output:
Change Dir: /dune/app/users/mtanaz/GArSoft/srcs/garsoft/Ana/ParamSim_debug_9/build/CMakeFiles/CMakeTmp

Run Build Command:"/usr/bin/gmake" "cmTC_9ce68/fast"
/usr/bin/gmake -f CMakeFiles/cmTC_9ce68.dir/build.make CMakeFiles/cmTC_9ce68.dir/build
gmake[1]: Entering directory `/dune/app/users/mtanaz/GArSoft/srcs/garsoft/Ana/ParamSim_debug_9/build/CMakeFiles/CMakeTmp'
Building C object CMakeFiles/cmTC_9ce68.dir/testCCompiler.c.o
/cvmfs/larsoft.opensciencegrid.org/products/gcc/v7_3_0/Linux64bit+2.6-2.12/bin/cc    -o CMakeFiles/cmTC_9ce68.dir/testCCompiler.c.o   -c /dune/app/users/mtanaz/GArSoft/srcs/garsoft/Ana/ParamSim_debug_9/build/CMakeFiles/CMakeTmp/testCCompiler.c
Linking C executable cmTC_9ce68
/cvmfs/larsoft.opensciencegrid.org/products/cmake/v3_10_1/Linux64bit+2.6-2.12/bin/cmake -E cmake_link_script CMakeFiles/cmTC_9ce68.dir/link.txt --verbose=1
/cvmfs/larsoft.opensciencegrid.org/products/gcc/v7_3_0/Linux64bit+2.6-2.12/bin/cc      -rdynamic CMakeFiles/cmTC_9ce68.dir/testCCompiler.c.o  -o cmTC_9ce68 
gmake[1]: Leaving directory `/dune/app/users/mtanaz/GArSoft/srcs/garsoft/Ana/ParamSim_debug_9/build/CMakeFiles/CMakeTmp'


Detecting C compiler ABI info compiled with the following output:
Change Dir: /dune/app/users/mtanaz/GArSoft/srcs/garsoft/Ana/ParamSim_debug_9/build/CMakeFiles/CMakeTmp

Run Build Command:"/usr/bin/gmake" "cmTC_0c149/fast"
/usr/bin/gmake -f CMakeFiles/cmTC_0c149.dir/build.make CMakeFiles/cmTC_0c149.dir/build
gmake[1]: Entering directory `/dune/app/users/mtanaz/GArSoft/srcs/garsoft/Ana/ParamSim_debug_9/build/CMakeFiles/CMakeTmp'
Building C object CMakeFiles/cmTC_0c149.dir/CMakeCCompilerABI.c.o
/cvmfs/larsoft.opensciencegrid.org/products/gcc/v7_3_0/Linux64bit+2.6-2.12/bin/cc    -o CMakeFiles/cmTC_0c149.dir/CMakeCCompilerABI.c.o   -c /cvmfs/larsoft.opensciencegrid.org/products/cmake/v3_10_1/Linux64bit+2.6-2.12/share/cmake-3.10/Modules/CMakeCCompilerABI.c
Linking C executable cmTC_0c149
/cvmfs/larsoft.opensciencegrid.org/products/cmake/v3_10_1/Linux64bit+2.6-2.12/bin/cmake -E cmake_link_script CMakeFiles/cmTC_0c149.dir/link.txt --verbose=1
/cvmfs/larsoft.opensciencegrid.org/products/gcc/v7_3_0/Linux64bit+2.6-2.12/bin/cc     -v -rdynamic CMakeFiles/cmTC_0c149.dir/CMakeCCompilerABI.c.o  -o cmTC_0c149 
Using built-in specs.
COLLECT_GCC=/cvmfs/larsoft.opensciencegrid.org/products/gcc/v7_3_0/Linux64bit+2.6-2.12/bin/cc
COLLECT_LTO_WRAPPER=/cvmfs/larsoft.opensciencegrid.org/products/gcc/v7_3_0/Linux64bit+2.6-2.12/bin/../libexec/gcc/x86_64-pc-linux-gnu/7.3.0/lto-wrapper
Target: x86_64-pc-linux-gnu
Configured with: ./configure --prefix=/scratch/workspace/art-build-base/v10_00_02/SLF6/build/gcc/v7_3_0/Linux64bit+2.6-2.12 --disable-libgcj --enable-threads=posix --enable-__cxa_atexit --enable-languages=c,c++,fortran,lto --with-system-zlib --enable-libstdcxx-time=rt --enable-stage1-checking=yes --enable-checking=release --enable-plugin
Thread model: posix
gcc version 7.3.0 (GCC) 
COMPILER_PATH=/cvmfs/larsoft.opensciencegrid.org/products/gcc/v7_3_0/Linux64bit+2.6-2.12/bin/../libexec/gcc/x86_64-pc-linux-gnu/7.3.0/:/cvmfs/larsoft.opensciencegrid.org/products/gcc/v7_3_0/Linux64bit+2.6-2.12/bin/../libexec/gcc/:/cvmfs/larsoft.opensciencegrid.org/products/gcc/v7_3_0/Linux64bit+2.6-2.12/bin/
LIBRARY_PATH=/cvmfs/larsoft.opensciencegrid.org/products/gcc/v7_3_0/Linux64bit+2.6-2.12/bin/../lib/gcc/x86_64-pc-linux-gnu/7.3.0/:/cvmfs/larsoft.opensciencegrid.org/products/gcc/v7_3_0/Linux64bit+2.6-2.12/bin/../lib/gcc/:/cvmfs/larsoft.opensciencegrid.org/products/gcc/v7_3_0/Linux64bit+2.6-2.12/bin/../lib/gcc/x86_64-pc-linux-gnu/7.3.0/../../../../lib64/:/lib/../lib64/:/usr/lib/../lib64/:/cvmfs/larsoft.opensciencegrid.org/products/libwda/v2_26_0/Linux64bit+2.6-2.12/lib/:/cvmfs/larsoft.opensciencegrid.org/products/gcc/v7_3_0/Linux64bit+2.6-2.12/bin/../lib/gcc/x86_64-pc-linux-gnu/7.3.0/../../../:/lib/:/usr/lib/
COLLECT_GCC_OPTIONS='-v' '-rdynamic' '-o' 'cmTC_0c149' '-mtune=generic' '-march=x86-64'
 /cvmfs/larsoft.opensciencegrid.org/products/gcc/v7_3_0/Linux64bit+2.6-2.12/bin/../libexec/gcc/x86_64-pc-linux-gnu/7.3.0/collect2 --eh-frame-hdr -m elf_x86_64 -export-dynamic -dynamic-linker /lib64/ld-linux-x86-64.so.2 -o cmTC_0c149 /usr/lib/../lib64/crt1.o /usr/lib/../lib64/crti.o /cvmfs/larsoft.opensciencegrid.org/products/gcc/v7_3_0/Linux64bit+2.6-2.12/bin/../lib/gcc/x86_64-pc-linux-gnu/7.3.0/crtbegin.o -L/cvmfs/larsoft.opensciencegrid.org/products/gcc/v7_3_0/Linux64bit+2.6-2.12/bin/../lib/gcc/x86_64-pc-linux-gnu/7.3.0 -L/cvmfs/larsoft.opensciencegrid.org/products/gcc/v7_3_0/Linux64bit+2.6-2.12/bin/../lib/gcc -L/cvmfs/larsoft.opensciencegrid.org/products/gcc/v7_3_0/Linux64bit+2.6-2.12/bin/../lib/gcc/x86_64-pc-linux-gnu/7.3.0/../../../../lib64 -L/lib/../lib64 -L/usr/lib/../lib64 -L/cvmfs/larsoft.opensciencegrid.org/products/libwda/v2_26_0/Linux64bit+2.6-2.12/lib -L/cvmfs/larsoft.opensciencegrid.org/products/gcc/v7_3_0/Linux64bit+2.6-2.12/bin/../lib/gcc/x86_64-pc-linux-gnu/7.3.0/../../.. CMakeFiles/cmTC_0c149.dir/CMakeCCompilerABI.c.o -lgcc --as-needed -lgcc_s --no-as-needed -lc -lgcc --as-needed -lgcc_s --no-as-needed /cvmfs/larsoft.opensciencegrid.org/products/gcc/v7_3_0/Linux64bit+2.6-2.12/bin/../lib/gcc/x86_64-pc-linux-gnu/7.3.0/crtend.o /usr/lib/../lib64/crtn.o
COLLECT_GCC_OPTIONS='-v' '-rdynamic' '-o' 'cmTC_0c149' '-mtune=generic' '-march=x86-64'
gmake[1]: Leaving directory `/dune/app/users/mtanaz/GArSoft/srcs/garsoft/Ana/ParamSim_debug_9/build/CMakeFiles/CMakeTmp'


Parsed C implicit link information from above output:
  link line regex: [^( *|.*[/\])(ld|CMAKE_LINK_STARTFILE-NOTFOUND|([^/\]+-)?ld|collect2)[^/\]*( |$)]
  ignore line: [Change Dir: /dune/app/users/mtanaz/GArSoft/srcs/garsoft/Ana/ParamSim_debug_9/build/CMakeFiles/CMakeTmp]
  ignore line: []
  ignore line: [Run Build Command:"/usr/bin/gmake" "cmTC_0c149/fast"]
  ignore line: [/usr/bin/gmake -f CMakeFiles/cmTC_0c149.dir/build.make CMakeFiles/cmTC_0c149.dir/build]
  ignore line: [gmake[1]: Entering directory `/dune/app/users/mtanaz/GArSoft/srcs/garsoft/Ana/ParamSim_debug_9/build/CMakeFiles/CMakeTmp']
  ignore line: [Building C object CMakeFiles/cmTC_0c149.dir/CMakeCCompilerABI.c.o]
  ignore line: [/cvmfs/larsoft.opensciencegrid.org/products/gcc/v7_3_0/Linux64bit+2.6-2.12/bin/cc    -o CMakeFiles/cmTC_0c149.dir/CMakeCCompilerABI.c.o   -c /cvmfs/larsoft.opensciencegrid.org/products/cmake/v3_10_1/Linux64bit+2.6-2.12/share/cmake-3.10/Modules/CMakeCCompilerABI.c]
  ignore line: [Linking C executable cmTC_0c149]
  ignore line: [/cvmfs/larsoft.opensciencegrid.org/products/cmake/v3_10_1/Linux64bit+2.6-2.12/bin/cmake -E cmake_link_script CMakeFiles/cmTC_0c149.dir/link.txt --verbose=1]
  ignore line: [/cvmfs/larsoft.opensciencegrid.org/products/gcc/v7_3_0/Linux64bit+2.6-2.12/bin/cc     -v -rdynamic CMakeFiles/cmTC_0c149.dir/CMakeCCompilerABI.c.o  -o cmTC_0c149 ]
  ignore line: [Using built-in specs.]
  ignore line: [COLLECT_GCC=/cvmfs/larsoft.opensciencegrid.org/products/gcc/v7_3_0/Linux64bit+2.6-2.12/bin/cc]
  ignore line: [COLLECT_LTO_WRAPPER=/cvmfs/larsoft.opensciencegrid.org/products/gcc/v7_3_0/Linux64bit+2.6-2.12/bin/../libexec/gcc/x86_64-pc-linux-gnu/7.3.0/lto-wrapper]
  ignore line: [Target: x86_64-pc-linux-gnu]
  ignore line: [Configured with: ./configure --prefix=/scratch/workspace/art-build-base/v10_00_02/SLF6/build/gcc/v7_3_0/Linux64bit+2.6-2.12 --disable-libgcj --enable-threads=posix --enable-__cxa_atexit --enable-languages=c,c++,fortran,lto --with-system-zlib --enable-libstdcxx-time=rt --enable-stage1-checking=yes --enable-checking=release --enable-plugin]
  ignore line: [Thread model: posix]
  ignore line: [gcc version 7.3.0 (GCC) ]
  ignore line: [COMPILER_PATH=/cvmfs/larsoft.opensciencegrid.org/products/gcc/v7_3_0/Linux64bit+2.6-2.12/bin/../libexec/gcc/x86_64-pc-linux-gnu/7.3.0/:/cvmfs/larsoft.opensciencegrid.org/products/gcc/v7_3_0/Linux64bit+2.6-2.12/bin/../libexec/gcc/:/cvmfs/larsoft.opensciencegrid.org/products/gcc/v7_3_0/Linux64bit+2.6-2.12/bin/]
  ignore line: [LIBRARY_PATH=/cvmfs/larsoft.opensciencegrid.org/products/gcc/v7_3_0/Linux64bit+2.6-2.12/bin/../lib/gcc/x86_64-pc-linux-gnu/7.3.0/:/cvmfs/larsoft.opensciencegrid.org/products/gcc/v7_3_0/Linux64bit+2.6-2.12/bin/../lib/gcc/:/cvmfs/larsoft.opensciencegrid.org/products/gcc/v7_3_0/Linux64bit+2.6-2.12/bin/../lib/gcc/x86_64-pc-linux-gnu/7.3.0/../../../../lib64/:/lib/../lib64/:/usr/lib/../lib64/:/cvmfs/larsoft.opensciencegrid.org/products/libwda/v2_26_0/Linux64bit+2.6-2.12/lib/:/cvmfs/larsoft.opensciencegrid.org/products/gcc/v7_3_0/Linux64bit+2.6-2.12/bin/../lib/gcc/x86_64-pc-linux-gnu/7.3.0/../../../:/lib/:/usr/lib/]
  ignore line: [COLLECT_GCC_OPTIONS='-v' '-rdynamic' '-o' 'cmTC_0c149' '-mtune=generic' '-march=x86-64']
  link line: [ /cvmfs/larsoft.opensciencegrid.org/products/gcc/v7_3_0/Linux64bit+2.6-2.12/bin/../libexec/gcc/x86_64-pc-linux-gnu/7.3.0/collect2 --eh-frame-hdr -m elf_x86_64 -export-dynamic -dynamic-linker /lib64/ld-linux-x86-64.so.2 -o cmTC_0c149 /usr/lib/../lib64/crt1.o /usr/lib/../lib64/crti.o /cvmfs/larsoft.opensciencegrid.org/products/gcc/v7_3_0/Linux64bit+2.6-2.12/bin/../lib/gcc/x86_64-pc-linux-gnu/7.3.0/crtbegin.o -L/cvmfs/larsoft.opensciencegrid.org/products/gcc/v7_3_0/Linux64bit+2.6-2.12/bin/../lib/gcc/x86_64-pc-linux-gnu/7.3.0 -L/cvmfs/larsoft.opensciencegrid.org/products/gcc/v7_3_0/Linux64bit+2.6-2.12/bin/../lib/gcc -L/cvmfs/larsoft.opensciencegrid.org/products/gcc/v7_3_0/Linux64bit+2.6-2.12/bin/../lib/gcc/x86_64-pc-linux-gnu/7.3.0/../../../../lib64 -L/lib/../lib64 -L/usr/lib/../lib64 -L/cvmfs/larsoft.opensciencegrid.org/products/libwda/v2_26_0/Linux64bit+2.6-2.12/lib -L/cvmfs/larsoft.opensciencegrid.org/products/gcc/v7_3_0/Linux64bit+2.6-2.12/bin/../lib/gcc/x86_64-pc-linux-gnu/7.3.0/../../.. CMakeFiles/cmTC_0c149.dir/CMakeCCompilerABI.c.o -lgcc --as-needed -lgcc_s --no-as-needed -lc -lgcc --as-needed -lgcc_s --no-as-needed /cvmfs/larsoft.opensciencegrid.org/products/gcc/v7_3_0/Linux64bit+2.6-2.12/bin/../lib/gcc/x86_64-pc-linux-gnu/7.3.0/crtend.o /usr/lib/../lib64/crtn.o]
    arg [/cvmfs/larsoft.opensciencegrid.org/products/gcc/v7_3_0/Linux64bit+2.6-2.12/bin/../libexec/gcc/x86_64-pc-linux-gnu/7.3.0/collect2] ==> ignore
    arg [--eh-frame-hdr] ==> ignore
    arg [-m] ==> ignore
    arg [elf_x86_64] ==> ignore
    arg [-export-dynamic] ==> ignore
    arg [-dynamic-linker] ==> ignore
    arg [/lib64/ld-linux-x86-64.so.2] ==> ignore
    arg [-o] ==> ignore
    arg [cmTC_0c149] ==> ignore
    arg [/usr/lib/../lib64/crt1.o] ==> ignore
    arg [/usr/lib/../lib64/crti.o] ==> ignore
    arg [/cvmfs/larsoft.opensciencegrid.org/products/gcc/v7_3_0/Linux64bit+2.6-2.12/bin/../lib/gcc/x86_64-pc-linux-gnu/7.3.0/crtbegin.o] ==> ignore
    arg [-L/cvmfs/larsoft.opensciencegrid.org/products/gcc/v7_3_0/Linux64bit+2.6-2.12/bin/../lib/gcc/x86_64-pc-linux-gnu/7.3.0] ==> dir [/cvmfs/larsoft.opensciencegrid.org/products/gcc/v7_3_0/Linux64bit+2.6-2.12/bin/../lib/gcc/x86_64-pc-linux-gnu/7.3.0]
    arg [-L/cvmfs/larsoft.opensciencegrid.org/products/gcc/v7_3_0/Linux64bit+2.6-2.12/bin/../lib/gcc] ==> dir [/cvmfs/larsoft.opensciencegrid.org/products/gcc/v7_3_0/Linux64bit+2.6-2.12/bin/../lib/gcc]
    arg [-L/cvmfs/larsoft.opensciencegrid.org/products/gcc/v7_3_0/Linux64bit+2.6-2.12/bin/../lib/gcc/x86_64-pc-linux-gnu/7.3.0/../../../../lib64] ==> dir [/cvmfs/larsoft.opensciencegrid.org/products/gcc/v7_3_0/Linux64bit+2.6-2.12/bin/../lib/gcc/x86_64-pc-linux-gnu/7.3.0/../../../../lib64]
    arg [-L/lib/../lib64] ==> dir [/lib/../lib64]
    arg [-L/usr/lib/../lib64] ==> dir [/usr/lib/../lib64]
    arg [-L/cvmfs/larsoft.opensciencegrid.org/products/libwda/v2_26_0/Linux64bit+2.6-2.12/lib] ==> dir [/cvmfs/larsoft.opensciencegrid.org/products/libwda/v2_26_0/Linux64bit+2.6-2.12/lib]
    arg [-L/cvmfs/larsoft.opensciencegrid.org/products/gcc/v7_3_0/Linux64bit+2.6-2.12/bin/../lib/gcc/x86_64-pc-linux-gnu/7.3.0/../../..] ==> dir [/cvmfs/larsoft.opensciencegrid.org/products/gcc/v7_3_0/Linux64bit+2.6-2.12/bin/../lib/gcc/x86_64-pc-linux-gnu/7.3.0/../../..]
    arg [CMakeFiles/cmTC_0c149.dir/CMakeCCompilerABI.c.o] ==> ignore
    arg [-lgcc] ==> lib [gcc]
    arg [--as-needed] ==> ignore
    arg [-lgcc_s] ==> lib [gcc_s]
    arg [--no-as-needed] ==> ignore
    arg [-lc] ==> lib [c]
    arg [-lgcc] ==> lib [gcc]
    arg [--as-needed] ==> ignore
    arg [-lgcc_s] ==> lib [gcc_s]
    arg [--no-as-needed] ==> ignore
    arg [/cvmfs/larsoft.opensciencegrid.org/products/gcc/v7_3_0/Linux64bit+2.6-2.12/bin/../lib/gcc/x86_64-pc-linux-gnu/7.3.0/crtend.o] ==> ignore
    arg [/usr/lib/../lib64/crtn.o] ==> ignore
  collapse library dir [/cvmfs/larsoft.opensciencegrid.org/products/gcc/v7_3_0/Linux64bit+2.6-2.12/bin/../lib/gcc/x86_64-pc-linux-gnu/7.3.0] ==> [/cvmfs/larsoft.opensciencegrid.org/products/gcc/v7_3_0/Linux64bit+2.6-2.12/lib/gcc/x86_64-pc-linux-gnu/7.3.0]
  collapse library dir [/cvmfs/larsoft.opensciencegrid.org/products/gcc/v7_3_0/Linux64bit+2.6-2.12/bin/../lib/gcc] ==> [/cvmfs/larsoft.opensciencegrid.org/products/gcc/v7_3_0/Linux64bit+2.6-2.12/lib/gcc]
  collapse library dir [/cvmfs/larsoft.opensciencegrid.org/products/gcc/v7_3_0/Linux64bit+2.6-2.12/bin/../lib/gcc/x86_64-pc-linux-gnu/7.3.0/../../../../lib64] ==> [/cvmfs/larsoft.opensciencegrid.org/products/gcc/v7_3_0/Linux64bit+2.6-2.12/lib64]
  collapse library dir [/lib/../lib64] ==> [/lib64]
  collapse library dir [/usr/lib/../lib64] ==> [/usr/lib64]
  collapse library dir [/cvmfs/larsoft.opensciencegrid.org/products/libwda/v2_26_0/Linux64bit+2.6-2.12/lib] ==> [/cvmfs/larsoft.opensciencegrid.org/products/libwda/v2_26_0/Linux64bit+2.6-2.12/lib]
  collapse library dir [/cvmfs/larsoft.opensciencegrid.org/products/gcc/v7_3_0/Linux64bit+2.6-2.12/bin/../lib/gcc/x86_64-pc-linux-gnu/7.3.0/../../..] ==> [/cvmfs/larsoft.opensciencegrid.org/products/gcc/v7_3_0/Linux64bit+2.6-2.12/lib]
  implicit libs: [gcc;gcc_s;c;gcc;gcc_s]
  implicit dirs: [/cvmfs/larsoft.opensciencegrid.org/products/gcc/v7_3_0/Linux64bit+2.6-2.12/lib/gcc/x86_64-pc-linux-gnu/7.3.0;/cvmfs/larsoft.opensciencegrid.org/products/gcc/v7_3_0/Linux64bit+2.6-2.12/lib/gcc;/cvmfs/larsoft.opensciencegrid.org/products/gcc/v7_3_0/Linux64bit+2.6-2.12/lib64;/lib64;/usr/lib64;/cvmfs/larsoft.opensciencegrid.org/products/libwda/v2_26_0/Linux64bit+2.6-2.12/lib;/cvmfs/larsoft.opensciencegrid.org/products/gcc/v7_3_0/Linux64bit+2.6-2.12/lib]
  implicit fwks: []




Detecting C [-std=c11] compiler features compiled with the following output:
Change Dir: /dune/app/users/mtanaz/GArSoft/srcs/garsoft/Ana/ParamSim_debug_9/build/CMakeFiles/CMakeTmp

Run Build Command:"/usr/bin/gmake" "cmTC_ce7c6/fast"
/usr/bin/gmake -f CMakeFiles/cmTC_ce7c6.dir/build.make CMakeFiles/cmTC_ce7c6.dir/build
gmake[1]: Entering directory `/dune/app/users/mtanaz/GArSoft/srcs/garsoft/Ana/ParamSim_debug_9/build/CMakeFiles/CMakeTmp'
Building C object CMakeFiles/cmTC_ce7c6.dir/feature_tests.c.o
/cvmfs/larsoft.opensciencegrid.org/products/gcc/v7_3_0/Linux64bit+2.6-2.12/bin/cc   -std=c11 -o CMakeFiles/cmTC_ce7c6.dir/feature_tests.c.o   -c /dune/app/users/mtanaz/GArSoft/srcs/garsoft/Ana/ParamSim_debug_9/build/CMakeFiles/feature_tests.c
Linking C executable cmTC_ce7c6
/cvmfs/larsoft.opensciencegrid.org/products/cmake/v3_10_1/Linux64bit+2.6-2.12/bin/cmake -E cmake_link_script CMakeFiles/cmTC_ce7c6.dir/link.txt --verbose=1
/cvmfs/larsoft.opensciencegrid.org/products/gcc/v7_3_0/Linux64bit+2.6-2.12/bin/cc      -rdynamic CMakeFiles/cmTC_ce7c6.dir/feature_tests.c.o  -o cmTC_ce7c6 
gmake[1]: Leaving directory `/dune/app/users/mtanaz/GArSoft/srcs/garsoft/Ana/ParamSim_debug_9/build/CMakeFiles/CMakeTmp'


    Feature record: C_FEATURE:1c_function_prototypes
    Feature record: C_FEATURE:1c_restrict
    Feature record: C_FEATURE:1c_static_assert
    Feature record: C_FEATURE:1c_variadic_macros


Detecting C [-std=c99] compiler features compiled with the following output:
Change Dir: /dune/app/users/mtanaz/GArSoft/srcs/garsoft/Ana/ParamSim_debug_9/build/CMakeFiles/CMakeTmp

Run Build Command:"/usr/bin/gmake" "cmTC_c40b9/fast"
/usr/bin/gmake -f CMakeFiles/cmTC_c40b9.dir/build.make CMakeFiles/cmTC_c40b9.dir/build
gmake[1]: Entering directory `/dune/app/users/mtanaz/GArSoft/srcs/garsoft/Ana/ParamSim_debug_9/build/CMakeFiles/CMakeTmp'
Building C object CMakeFiles/cmTC_c40b9.dir/feature_tests.c.o
/cvmfs/larsoft.opensciencegrid.org/products/gcc/v7_3_0/Linux64bit+2.6-2.12/bin/cc   -std=c99 -o CMakeFiles/cmTC_c40b9.dir/feature_tests.c.o   -c /dune/app/users/mtanaz/GArSoft/srcs/garsoft/Ana/ParamSim_debug_9/build/CMakeFiles/feature_tests.c
Linking C executable cmTC_c40b9
/cvmfs/larsoft.opensciencegrid.org/products/cmake/v3_10_1/Linux64bit+2.6-2.12/bin/cmake -E cmake_link_script CMakeFiles/cmTC_c40b9.dir/link.txt --verbose=1
/cvmfs/larsoft.opensciencegrid.org/products/gcc/v7_3_0/Linux64bit+2.6-2.12/bin/cc      -rdynamic CMakeFiles/cmTC_c40b9.dir/feature_tests.c.o  -o cmTC_c40b9 
gmake[1]: Leaving directory `/dune/app/users/mtanaz/GArSoft/srcs/garsoft/Ana/ParamSim_debug_9/build/CMakeFiles/CMakeTmp'


    Feature record: C_FEATURE:1c_function_prototypes
    Feature record: C_FEATURE:1c_restrict
    Feature record: C_FEATURE:0c_static_assert
    Feature record: C_FEATURE:1c_variadic_macros


Detecting C [-std=c90] compiler features compiled with the following output:
Change Dir: /dune/app/users/mtanaz/GArSoft/srcs/garsoft/Ana/ParamSim_debug_9/build/CMakeFiles/CMakeTmp

Run Build Command:"/usr/bin/gmake" "cmTC_4ce82/fast"
/usr/bin/gmake -f CMakeFiles/cmTC_4ce82.dir/build.make CMakeFiles/cmTC_4ce82.dir/build
gmake[1]: Entering directory `/dune/app/users/mtanaz/GArSoft/srcs/garsoft/Ana/ParamSim_debug_9/build/CMakeFiles/CMakeTmp'
Building C object CMakeFiles/cmTC_4ce82.dir/feature_tests.c.o
/cvmfs/larsoft.opensciencegrid.org/products/gcc/v7_3_0/Linux64bit+2.6-2.12/bin/cc   -std=c90 -o CMakeFiles/cmTC_4ce82.dir/feature_tests.c.o   -c /dune/app/users/mtanaz/GArSoft/srcs/garsoft/Ana/ParamSim_debug_9/build/CMakeFiles/feature_tests.c
Linking C executable cmTC_4ce82
/cvmfs/larsoft.opensciencegrid.org/products/cmake/v3_10_1/Linux64bit+2.6-2.12/bin/cmake -E cmake_link_script CMakeFiles/cmTC_4ce82.dir/link.txt --verbose=1
/cvmfs/larsoft.opensciencegrid.org/products/gcc/v7_3_0/Linux64bit+2.6-2.12/bin/cc      -rdynamic CMakeFiles/cmTC_4ce82.dir/feature_tests.c.o  -o cmTC_4ce82 
gmake[1]: Leaving directory `/dune/app/users/mtanaz/GArSoft/srcs/garsoft/Ana/ParamSim_debug_9/build/CMakeFiles/CMakeTmp'


    Feature record: C_FEATURE:1c_function_prototypes
    Feature record: C_FEATURE:0c_restrict
    Feature record: C_FEATURE:0c_static_assert
    Feature record: C_FEATURE:0c_variadic_macros
Determining if the CXX compiler works passed with the following output:
Change Dir: /dune/app/users/mtanaz/GArSoft/srcs/garsoft/Ana/ParamSim_debug_9/build/CMakeFiles/CMakeTmp

Run Build Command:"/usr/bin/gmake" "cmTC_31e22/fast"
/usr/bin/gmake -f CMakeFiles/cmTC_31e22.dir/build.make CMakeFiles/cmTC_31e22.dir/build
gmake[1]: Entering directory `/dune/app/users/mtanaz/GArSoft/srcs/garsoft/Ana/ParamSim_debug_9/build/CMakeFiles/CMakeTmp'
Building CXX object CMakeFiles/cmTC_31e22.dir/testCXXCompiler.cxx.o
/cvmfs/larsoft.opensciencegrid.org/products/gcc/v7_3_0/Linux64bit+2.6-2.12/bin/c++     -o CMakeFiles/cmTC_31e22.dir/testCXXCompiler.cxx.o -c /dune/app/users/mtanaz/GArSoft/srcs/garsoft/Ana/ParamSim_debug_9/build/CMakeFiles/CMakeTmp/testCXXCompiler.cxx
Linking CXX executable cmTC_31e22
/cvmfs/larsoft.opensciencegrid.org/products/cmake/v3_10_1/Linux64bit+2.6-2.12/bin/cmake -E cmake_link_script CMakeFiles/cmTC_31e22.dir/link.txt --verbose=1
/cvmfs/larsoft.opensciencegrid.org/products/gcc/v7_3_0/Linux64bit+2.6-2.12/bin/c++       -rdynamic CMakeFiles/cmTC_31e22.dir/testCXXCompiler.cxx.o  -o cmTC_31e22 
gmake[1]: Leaving directory `/dune/app/users/mtanaz/GArSoft/srcs/garsoft/Ana/ParamSim_debug_9/build/CMakeFiles/CMakeTmp'


Detecting CXX compiler ABI info compiled with the following output:
Change Dir: /dune/app/users/mtanaz/GArSoft/srcs/garsoft/Ana/ParamSim_debug_9/build/CMakeFiles/CMakeTmp

Run Build Command:"/usr/bin/gmake" "cmTC_bd7e4/fast"
/usr/bin/gmake -f CMakeFiles/cmTC_bd7e4.dir/build.make CMakeFiles/cmTC_bd7e4.dir/build
gmake[1]: Entering directory `/dune/app/users/mtanaz/GArSoft/srcs/garsoft/Ana/ParamSim_debug_9/build/CMakeFiles/CMakeTmp'
Building CXX object CMakeFiles/cmTC_bd7e4.dir/CMakeCXXCompilerABI.cpp.o
/cvmfs/larsoft.opensciencegrid.org/products/gcc/v7_3_0/Linux64bit+2.6-2.12/bin/c++     -o CMakeFiles/cmTC_bd7e4.dir/CMakeCXXCompilerABI.cpp.o -c /cvmfs/larsoft.opensciencegrid.org/products/cmake/v3_10_1/Linux64bit+2.6-2.12/share/cmake-3.10/Modules/CMakeCXXCompilerABI.cpp
Linking CXX executable cmTC_bd7e4
/cvmfs/larsoft.opensciencegrid.org/products/cmake/v3_10_1/Linux64bit+2.6-2.12/bin/cmake -E cmake_link_script CMakeFiles/cmTC_bd7e4.dir/link.txt --verbose=1
/cvmfs/larsoft.opensciencegrid.org/products/gcc/v7_3_0/Linux64bit+2.6-2.12/bin/c++      -v -rdynamic CMakeFiles/cmTC_bd7e4.dir/CMakeCXXCompilerABI.cpp.o  -o cmTC_bd7e4 
Using built-in specs.
COLLECT_GCC=/cvmfs/larsoft.opensciencegrid.org/products/gcc/v7_3_0/Linux64bit+2.6-2.12/bin/c++
COLLECT_LTO_WRAPPER=/cvmfs/larsoft.opensciencegrid.org/products/gcc/v7_3_0/Linux64bit+2.6-2.12/bin/../libexec/gcc/x86_64-pc-linux-gnu/7.3.0/lto-wrapper
Target: x86_64-pc-linux-gnu
Configured with: ./configure --prefix=/scratch/workspace/art-build-base/v10_00_02/SLF6/build/gcc/v7_3_0/Linux64bit+2.6-2.12 --disable-libgcj --enable-threads=posix --enable-__cxa_atexit --enable-languages=c,c++,fortran,lto --with-system-zlib --enable-libstdcxx-time=rt --enable-stage1-checking=yes --enable-checking=release --enable-plugin
Thread model: posix
gcc version 7.3.0 (GCC) 
COMPILER_PATH=/cvmfs/larsoft.opensciencegrid.org/products/gcc/v7_3_0/Linux64bit+2.6-2.12/bin/../libexec/gcc/x86_64-pc-linux-gnu/7.3.0/:/cvmfs/larsoft.opensciencegrid.org/products/gcc/v7_3_0/Linux64bit+2.6-2.12/bin/../libexec/gcc/:/cvmfs/larsoft.opensciencegrid.org/products/gcc/v7_3_0/Linux64bit+2.6-2.12/bin/
LIBRARY_PATH=/cvmfs/larsoft.opensciencegrid.org/products/gcc/v7_3_0/Linux64bit+2.6-2.12/bin/../lib/gcc/x86_64-pc-linux-gnu/7.3.0/:/cvmfs/larsoft.opensciencegrid.org/products/gcc/v7_3_0/Linux64bit+2.6-2.12/bin/../lib/gcc/:/cvmfs/larsoft.opensciencegrid.org/products/gcc/v7_3_0/Linux64bit+2.6-2.12/bin/../lib/gcc/x86_64-pc-linux-gnu/7.3.0/../../../../lib64/:/lib/../lib64/:/usr/lib/../lib64/:/cvmfs/larsoft.opensciencegrid.org/products/libwda/v2_26_0/Linux64bit+2.6-2.12/lib/:/cvmfs/larsoft.opensciencegrid.org/products/gcc/v7_3_0/Linux64bit+2.6-2.12/bin/../lib/gcc/x86_64-pc-linux-gnu/7.3.0/../../../:/lib/:/usr/lib/
COLLECT_GCC_OPTIONS='-v' '-rdynamic' '-o' 'cmTC_bd7e4' '-shared-libgcc' '-mtune=generic' '-march=x86-64'
 /cvmfs/larsoft.opensciencegrid.org/products/gcc/v7_3_0/Linux64bit+2.6-2.12/bin/../libexec/gcc/x86_64-pc-linux-gnu/7.3.0/collect2 --eh-frame-hdr -m elf_x86_64 -export-dynamic -dynamic-linker /lib64/ld-linux-x86-64.so.2 -o cmTC_bd7e4 /usr/lib/../lib64/crt1.o /usr/lib/../lib64/crti.o /cvmfs/larsoft.opensciencegrid.org/products/gcc/v7_3_0/Linux64bit+2.6-2.12/bin/../lib/gcc/x86_64-pc-linux-gnu/7.3.0/crtbegin.o -L/cvmfs/larsoft.opensciencegrid.org/products/gcc/v7_3_0/Linux64bit+2.6-2.12/bin/../lib/gcc/x86_64-pc-linux-gnu/7.3.0 -L/cvmfs/larsoft.opensciencegrid.org/products/gcc/v7_3_0/Linux64bit+2.6-2.12/bin/../lib/gcc -L/cvmfs/larsoft.opensciencegrid.org/products/gcc/v7_3_0/Linux64bit+2.6-2.12/bin/../lib/gcc/x86_64-pc-linux-gnu/7.3.0/../../../../lib64 -L/lib/../lib64 -L/usr/lib/../lib64 -L/cvmfs/larsoft.opensciencegrid.org/products/libwda/v2_26_0/Linux64bit+2.6-2.12/lib -L/cvmfs/larsoft.opensciencegrid.org/products/gcc/v7_3_0/Linux64bit+2.6-2.12/bin/../lib/gcc/x86_64-pc-linux-gnu/7.3.0/../../.. CMakeFiles/cmTC_bd7e4.dir/CMakeCXXCompilerABI.cpp.o -lstdc++ -lm -lgcc_s -lgcc -lc -lgcc_s -lgcc /cvmfs/larsoft.opensciencegrid.org/products/gcc/v7_3_0/Linux64bit+2.6-2.12/bin/../lib/gcc/x86_64-pc-linux-gnu/7.3.0/crtend.o /usr/lib/../lib64/crtn.o
COLLECT_GCC_OPTIONS='-v' '-rdynamic' '-o' 'cmTC_bd7e4' '-shared-libgcc' '-mtune=generic' '-march=x86-64'
gmake[1]: Leaving directory `/dune/app/users/mtanaz/GArSoft/srcs/garsoft/Ana/ParamSim_debug_9/build/CMakeFiles/CMakeTmp'


Parsed CXX implicit link information from above output:
  link line regex: [^( *|.*[/\])(ld|CMAKE_LINK_STARTFILE-NOTFOUND|([^/\]+-)?ld|collect2)[^/\]*( |$)]
  ignore line: [Change Dir: /dune/app/users/mtanaz/GArSoft/srcs/garsoft/Ana/ParamSim_debug_9/build/CMakeFiles/CMakeTmp]
  ignore line: []
  ignore line: [Run Build Command:"/usr/bin/gmake" "cmTC_bd7e4/fast"]
  ignore line: [/usr/bin/gmake -f CMakeFiles/cmTC_bd7e4.dir/build.make CMakeFiles/cmTC_bd7e4.dir/build]
  ignore line: [gmake[1]: Entering directory `/dune/app/users/mtanaz/GArSoft/srcs/garsoft/Ana/ParamSim_debug_9/build/CMakeFiles/CMakeTmp']
  ignore line: [Building CXX object CMakeFiles/cmTC_bd7e4.dir/CMakeCXXCompilerABI.cpp.o]
  ignore line: [/cvmfs/larsoft.opensciencegrid.org/products/gcc/v7_3_0/Linux64bit+2.6-2.12/bin/c++     -o CMakeFiles/cmTC_bd7e4.dir/CMakeCXXCompilerABI.cpp.o -c /cvmfs/larsoft.opensciencegrid.org/products/cmake/v3_10_1/Linux64bit+2.6-2.12/share/cmake-3.10/Modules/CMakeCXXCompilerABI.cpp]
  ignore line: [Linking CXX executable cmTC_bd7e4]
  ignore line: [/cvmfs/larsoft.opensciencegrid.org/products/cmake/v3_10_1/Linux64bit+2.6-2.12/bin/cmake -E cmake_link_script CMakeFiles/cmTC_bd7e4.dir/link.txt --verbose=1]
  ignore line: [/cvmfs/larsoft.opensciencegrid.org/products/gcc/v7_3_0/Linux64bit+2.6-2.12/bin/c++      -v -rdynamic CMakeFiles/cmTC_bd7e4.dir/CMakeCXXCompilerABI.cpp.o  -o cmTC_bd7e4 ]
  ignore line: [Using built-in specs.]
  ignore line: [COLLECT_GCC=/cvmfs/larsoft.opensciencegrid.org/products/gcc/v7_3_0/Linux64bit+2.6-2.12/bin/c++]
  ignore line: [COLLECT_LTO_WRAPPER=/cvmfs/larsoft.opensciencegrid.org/products/gcc/v7_3_0/Linux64bit+2.6-2.12/bin/../libexec/gcc/x86_64-pc-linux-gnu/7.3.0/lto-wrapper]
  ignore line: [Target: x86_64-pc-linux-gnu]
  ignore line: [Configured with: ./configure --prefix=/scratch/workspace/art-build-base/v10_00_02/SLF6/build/gcc/v7_3_0/Linux64bit+2.6-2.12 --disable-libgcj --enable-threads=posix --enable-__cxa_atexit --enable-languages=c,c++,fortran,lto --with-system-zlib --enable-libstdcxx-time=rt --enable-stage1-checking=yes --enable-checking=release --enable-plugin]
  ignore line: [Thread model: posix]
  ignore line: [gcc version 7.3.0 (GCC) ]
  ignore line: [COMPILER_PATH=/cvmfs/larsoft.opensciencegrid.org/products/gcc/v7_3_0/Linux64bit+2.6-2.12/bin/../libexec/gcc/x86_64-pc-linux-gnu/7.3.0/:/cvmfs/larsoft.opensciencegrid.org/products/gcc/v7_3_0/Linux64bit+2.6-2.12/bin/../libexec/gcc/:/cvmfs/larsoft.opensciencegrid.org/products/gcc/v7_3_0/Linux64bit+2.6-2.12/bin/]
  ignore line: [LIBRARY_PATH=/cvmfs/larsoft.opensciencegrid.org/products/gcc/v7_3_0/Linux64bit+2.6-2.12/bin/../lib/gcc/x86_64-pc-linux-gnu/7.3.0/:/cvmfs/larsoft.opensciencegrid.org/products/gcc/v7_3_0/Linux64bit+2.6-2.12/bin/../lib/gcc/:/cvmfs/larsoft.opensciencegrid.org/products/gcc/v7_3_0/Linux64bit+2.6-2.12/bin/../lib/gcc/x86_64-pc-linux-gnu/7.3.0/../../../../lib64/:/lib/../lib64/:/usr/lib/../lib64/:/cvmfs/larsoft.opensciencegrid.org/products/libwda/v2_26_0/Linux64bit+2.6-2.12/lib/:/cvmfs/larsoft.opensciencegrid.org/products/gcc/v7_3_0/Linux64bit+2.6-2.12/bin/../lib/gcc/x86_64-pc-linux-gnu/7.3.0/../../../:/lib/:/usr/lib/]
  ignore line: [COLLECT_GCC_OPTIONS='-v' '-rdynamic' '-o' 'cmTC_bd7e4' '-shared-libgcc' '-mtune=generic' '-march=x86-64']
  link line: [ /cvmfs/larsoft.opensciencegrid.org/products/gcc/v7_3_0/Linux64bit+2.6-2.12/bin/../libexec/gcc/x86_64-pc-linux-gnu/7.3.0/collect2 --eh-frame-hdr -m elf_x86_64 -export-dynamic -dynamic-linker /lib64/ld-linux-x86-64.so.2 -o cmTC_bd7e4 /usr/lib/../lib64/crt1.o /usr/lib/../lib64/crti.o /cvmfs/larsoft.opensciencegrid.org/products/gcc/v7_3_0/Linux64bit+2.6-2.12/bin/../lib/gcc/x86_64-pc-linux-gnu/7.3.0/crtbegin.o -L/cvmfs/larsoft.opensciencegrid.org/products/gcc/v7_3_0/Linux64bit+2.6-2.12/bin/../lib/gcc/x86_64-pc-linux-gnu/7.3.0 -L/cvmfs/larsoft.opensciencegrid.org/products/gcc/v7_3_0/Linux64bit+2.6-2.12/bin/../lib/gcc -L/cvmfs/larsoft.opensciencegrid.org/products/gcc/v7_3_0/Linux64bit+2.6-2.12/bin/../lib/gcc/x86_64-pc-linux-gnu/7.3.0/../../../../lib64 -L/lib/../lib64 -L/usr/lib/../lib64 -L/cvmfs/larsoft.opensciencegrid.org/products/libwda/v2_26_0/Linux64bit+2.6-2.12/lib -L/cvmfs/larsoft.opensciencegrid.org/products/gcc/v7_3_0/Linux64bit+2.6-2.12/bin/../lib/gcc/x86_64-pc-linux-gnu/7.3.0/../../.. CMakeFiles/cmTC_bd7e4.dir/CMakeCXXCompilerABI.cpp.o -lstdc++ -lm -lgcc_s -lgcc -lc -lgcc_s -lgcc /cvmfs/larsoft.opensciencegrid.org/products/gcc/v7_3_0/Linux64bit+2.6-2.12/bin/../lib/gcc/x86_64-pc-linux-gnu/7.3.0/crtend.o /usr/lib/../lib64/crtn.o]
    arg [/cvmfs/larsoft.opensciencegrid.org/products/gcc/v7_3_0/Linux64bit+2.6-2.12/bin/../libexec/gcc/x86_64-pc-linux-gnu/7.3.0/collect2] ==> ignore
    arg [--eh-frame-hdr] ==> ignore
    arg [-m] ==> ignore
    arg [elf_x86_64] ==> ignore
    arg [-export-dynamic] ==> ignore
    arg [-dynamic-linker] ==> ignore
    arg [/lib64/ld-linux-x86-64.so.2] ==> ignore
    arg [-o] ==> ignore
    arg [cmTC_bd7e4] ==> ignore
    arg [/usr/lib/../lib64/crt1.o] ==> ignore
    arg [/usr/lib/../lib64/crti.o] ==> ignore
    arg [/cvmfs/larsoft.opensciencegrid.org/products/gcc/v7_3_0/Linux64bit+2.6-2.12/bin/../lib/gcc/x86_64-pc-linux-gnu/7.3.0/crtbegin.o] ==> ignore
    arg [-L/cvmfs/larsoft.opensciencegrid.org/products/gcc/v7_3_0/Linux64bit+2.6-2.12/bin/../lib/gcc/x86_64-pc-linux-gnu/7.3.0] ==> dir [/cvmfs/larsoft.opensciencegrid.org/products/gcc/v7_3_0/Linux64bit+2.6-2.12/bin/../lib/gcc/x86_64-pc-linux-gnu/7.3.0]
    arg [-L/cvmfs/larsoft.opensciencegrid.org/products/gcc/v7_3_0/Linux64bit+2.6-2.12/bin/../lib/gcc] ==> dir [/cvmfs/larsoft.opensciencegrid.org/products/gcc/v7_3_0/Linux64bit+2.6-2.12/bin/../lib/gcc]
    arg [-L/cvmfs/larsoft.opensciencegrid.org/products/gcc/v7_3_0/Linux64bit+2.6-2.12/bin/../lib/gcc/x86_64-pc-linux-gnu/7.3.0/../../../../lib64] ==> dir [/cvmfs/larsoft.opensciencegrid.org/products/gcc/v7_3_0/Linux64bit+2.6-2.12/bin/../lib/gcc/x86_64-pc-linux-gnu/7.3.0/../../../../lib64]
    arg [-L/lib/../lib64] ==> dir [/lib/../lib64]
    arg [-L/usr/lib/../lib64] ==> dir [/usr/lib/../lib64]
    arg [-L/cvmfs/larsoft.opensciencegrid.org/products/libwda/v2_26_0/Linux64bit+2.6-2.12/lib] ==> dir [/cvmfs/larsoft.opensciencegrid.org/products/libwda/v2_26_0/Linux64bit+2.6-2.12/lib]
    arg [-L/cvmfs/larsoft.opensciencegrid.org/products/gcc/v7_3_0/Linux64bit+2.6-2.12/bin/../lib/gcc/x86_64-pc-linux-gnu/7.3.0/../../..] ==> dir [/cvmfs/larsoft.opensciencegrid.org/products/gcc/v7_3_0/Linux64bit+2.6-2.12/bin/../lib/gcc/x86_64-pc-linux-gnu/7.3.0/../../..]
    arg [CMakeFiles/cmTC_bd7e4.dir/CMakeCXXCompilerABI.cpp.o] ==> ignore
    arg [-lstdc++] ==> lib [stdc++]
    arg [-lm] ==> lib [m]
    arg [-lgcc_s] ==> lib [gcc_s]
    arg [-lgcc] ==> lib [gcc]
    arg [-lc] ==> lib [c]
    arg [-lgcc_s] ==> lib [gcc_s]
    arg [-lgcc] ==> lib [gcc]
    arg [/cvmfs/larsoft.opensciencegrid.org/products/gcc/v7_3_0/Linux64bit+2.6-2.12/bin/../lib/gcc/x86_64-pc-linux-gnu/7.3.0/crtend.o] ==> ignore
    arg [/usr/lib/../lib64/crtn.o] ==> ignore
  collapse library dir [/cvmfs/larsoft.opensciencegrid.org/products/gcc/v7_3_0/Linux64bit+2.6-2.12/bin/../lib/gcc/x86_64-pc-linux-gnu/7.3.0] ==> [/cvmfs/larsoft.opensciencegrid.org/products/gcc/v7_3_0/Linux64bit+2.6-2.12/lib/gcc/x86_64-pc-linux-gnu/7.3.0]
  collapse library dir [/cvmfs/larsoft.opensciencegrid.org/products/gcc/v7_3_0/Linux64bit+2.6-2.12/bin/../lib/gcc] ==> [/cvmfs/larsoft.opensciencegrid.org/products/gcc/v7_3_0/Linux64bit+2.6-2.12/lib/gcc]
  collapse library dir [/cvmfs/larsoft.opensciencegrid.org/products/gcc/v7_3_0/Linux64bit+2.6-2.12/bin/../lib/gcc/x86_64-pc-linux-gnu/7.3.0/../../../../lib64] ==> [/cvmfs/larsoft.opensciencegrid.org/products/gcc/v7_3_0/Linux64bit+2.6-2.12/lib64]
  collapse library dir [/lib/../lib64] ==> [/lib64]
  collapse library dir [/usr/lib/../lib64] ==> [/usr/lib64]
  collapse library dir [/cvmfs/larsoft.opensciencegrid.org/products/libwda/v2_26_0/Linux64bit+2.6-2.12/lib] ==> [/cvmfs/larsoft.opensciencegrid.org/products/libwda/v2_26_0/Linux64bit+2.6-2.12/lib]
  collapse library dir [/cvmfs/larsoft.opensciencegrid.org/products/gcc/v7_3_0/Linux64bit+2.6-2.12/bin/../lib/gcc/x86_64-pc-linux-gnu/7.3.0/../../..] ==> [/cvmfs/larsoft.opensciencegrid.org/products/gcc/v7_3_0/Linux64bit+2.6-2.12/lib]
  implicit libs: [stdc++;m;gcc_s;gcc;c;gcc_s;gcc]
  implicit dirs: [/cvmfs/larsoft.opensciencegrid.org/products/gcc/v7_3_0/Linux64bit+2.6-2.12/lib/gcc/x86_64-pc-linux-gnu/7.3.0;/cvmfs/larsoft.opensciencegrid.org/products/gcc/v7_3_0/Linux64bit+2.6-2.12/lib/gcc;/cvmfs/larsoft.opensciencegrid.org/products/gcc/v7_3_0/Linux64bit+2.6-2.12/lib64;/lib64;/usr/lib64;/cvmfs/larsoft.opensciencegrid.org/products/libwda/v2_26_0/Linux64bit+2.6-2.12/lib;/cvmfs/larsoft.opensciencegrid.org/products/gcc/v7_3_0/Linux64bit+2.6-2.12/lib]
  implicit fwks: []




Detecting CXX [-std=c++1z] compiler features compiled with the following output:
Change Dir: /dune/app/users/mtanaz/GArSoft/srcs/garsoft/Ana/ParamSim_debug_9/build/CMakeFiles/CMakeTmp

Run Build Command:"/usr/bin/gmake" "cmTC_077e5/fast"
/usr/bin/gmake -f CMakeFiles/cmTC_077e5.dir/build.make CMakeFiles/cmTC_077e5.dir/build
gmake[1]: Entering directory `/dune/app/users/mtanaz/GArSoft/srcs/garsoft/Ana/ParamSim_debug_9/build/CMakeFiles/CMakeTmp'
Building CXX object CMakeFiles/cmTC_077e5.dir/feature_tests.cxx.o
/cvmfs/larsoft.opensciencegrid.org/products/gcc/v7_3_0/Linux64bit+2.6-2.12/bin/c++    -std=c++1z -o CMakeFiles/cmTC_077e5.dir/feature_tests.cxx.o -c /dune/app/users/mtanaz/GArSoft/srcs/garsoft/Ana/ParamSim_debug_9/build/CMakeFiles/feature_tests.cxx
Linking CXX executable cmTC_077e5
/cvmfs/larsoft.opensciencegrid.org/products/cmake/v3_10_1/Linux64bit+2.6-2.12/bin/cmake -E cmake_link_script CMakeFiles/cmTC_077e5.dir/link.txt --verbose=1
/cvmfs/larsoft.opensciencegrid.org/products/gcc/v7_3_0/Linux64bit+2.6-2.12/bin/c++       -rdynamic CMakeFiles/cmTC_077e5.dir/feature_tests.cxx.o  -o cmTC_077e5 
gmake[1]: Leaving directory `/dune/app/users/mtanaz/GArSoft/srcs/garsoft/Ana/ParamSim_debug_9/build/CMakeFiles/CMakeTmp'


    Feature record: CXX_FEATURE:1cxx_aggregate_default_initializers
    Feature record: CXX_FEATURE:1cxx_alias_templates
    Feature record: CXX_FEATURE:1cxx_alignas
    Feature record: CXX_FEATURE:1cxx_alignof
    Feature record: CXX_FEATURE:1cxx_attributes
    Feature record: CXX_FEATURE:1cxx_attribute_deprecated
    Feature record: CXX_FEATURE:1cxx_auto_type
    Feature record: CXX_FEATURE:1cxx_binary_literals
    Feature record: CXX_FEATURE:1cxx_constexpr
    Feature record: CXX_FEATURE:1cxx_contextual_conversions
    Feature record: CXX_FEATURE:1cxx_decltype
    Feature record: CXX_FEATURE:1cxx_decltype_auto
    Feature record: CXX_FEATURE:1cxx_decltype_incomplete_return_types
    Feature record: CXX_FEATURE:1cxx_default_function_template_args
    Feature record: CXX_FEATURE:1cxx_defaulted_functions
    Feature record: CXX_FEATURE:1cxx_defaulted_move_initializers
    Feature record: CXX_FEATURE:1cxx_delegating_constructors
    Feature record: CXX_FEATURE:1cxx_deleted_functions
    Feature record: CXX_FEATURE:1cxx_digit_separators
    Feature record: CXX_FEATURE:1cxx_enum_forward_declarations
    Feature record: CXX_FEATURE:1cxx_explicit_conversions
    Feature record: CXX_FEATURE:1cxx_extended_friend_declarations
    Feature record: CXX_FEATURE:1cxx_extern_templates
    Feature record: CXX_FEATURE:1cxx_final
    Feature record: CXX_FEATURE:1cxx_func_identifier
    Feature record: CXX_FEATURE:1cxx_generalized_initializers
    Feature record: CXX_FEATURE:1cxx_generic_lambdas
    Feature record: CXX_FEATURE:1cxx_inheriting_constructors
    Feature record: CXX_FEATURE:1cxx_inline_namespaces
    Feature record: CXX_FEATURE:1cxx_lambdas
    Feature record: CXX_FEATURE:1cxx_lambda_init_captures
    Feature record: CXX_FEATURE:1cxx_local_type_template_args
    Feature record: CXX_FEATURE:1cxx_long_long_type
    Feature record: CXX_FEATURE:1cxx_noexcept
    Feature record: CXX_FEATURE:1cxx_nonstatic_member_init
    Feature record: CXX_FEATURE:1cxx_nullptr
    Feature record: CXX_FEATURE:1cxx_override
    Feature record: CXX_FEATURE:1cxx_range_for
    Feature record: CXX_FEATURE:1cxx_raw_string_literals
    Feature record: CXX_FEATURE:1cxx_reference_qualified_functions
    Feature record: CXX_FEATURE:1cxx_relaxed_constexpr
    Feature record: CXX_FEATURE:1cxx_return_type_deduction
    Feature record: CXX_FEATURE:1cxx_right_angle_brackets
    Feature record: CXX_FEATURE:1cxx_rvalue_references
    Feature record: CXX_FEATURE:1cxx_sizeof_member
    Feature record: CXX_FEATURE:1cxx_static_assert
    Feature record: CXX_FEATURE:1cxx_strong_enums
    Feature record: CXX_FEATURE:1cxx_template_template_parameters
    Feature record: CXX_FEATURE:1cxx_thread_local
    Feature record: CXX_FEATURE:1cxx_trailing_return_types
    Feature record: CXX_FEATURE:1cxx_unicode_literals
    Feature record: CXX_FEATURE:1cxx_uniform_initialization
    Feature record: CXX_FEATURE:1cxx_unrestricted_unions
    Feature record: CXX_FEATURE:1cxx_user_literals
    Feature record: CXX_FEATURE:1cxx_variable_templates
    Feature record: CXX_FEATURE:1cxx_variadic_macros
    Feature record: CXX_FEATURE:1cxx_variadic_templates


Detecting CXX [-std=c++14] compiler features compiled with the following output:
Change Dir: /dune/app/users/mtanaz/GArSoft/srcs/garsoft/Ana/ParamSim_debug_9/build/CMakeFiles/CMakeTmp

Run Build Command:"/usr/bin/gmake" "cmTC_b5ee9/fast"
/usr/bin/gmake -f CMakeFiles/cmTC_b5ee9.dir/build.make CMakeFiles/cmTC_b5ee9.dir/build
gmake[1]: Entering directory `/dune/app/users/mtanaz/GArSoft/srcs/garsoft/Ana/ParamSim_debug_9/build/CMakeFiles/CMakeTmp'
Building CXX object CMakeFiles/cmTC_b5ee9.dir/feature_tests.cxx.o
/cvmfs/larsoft.opensciencegrid.org/products/gcc/v7_3_0/Linux64bit+2.6-2.12/bin/c++    -std=c++14 -o CMakeFiles/cmTC_b5ee9.dir/feature_tests.cxx.o -c /dune/app/users/mtanaz/GArSoft/srcs/garsoft/Ana/ParamSim_debug_9/build/CMakeFiles/feature_tests.cxx
Linking CXX executable cmTC_b5ee9
/cvmfs/larsoft.opensciencegrid.org/products/cmake/v3_10_1/Linux64bit+2.6-2.12/bin/cmake -E cmake_link_script CMakeFiles/cmTC_b5ee9.dir/link.txt --verbose=1
/cvmfs/larsoft.opensciencegrid.org/products/gcc/v7_3_0/Linux64bit+2.6-2.12/bin/c++       -rdynamic CMakeFiles/cmTC_b5ee9.dir/feature_tests.cxx.o  -o cmTC_b5ee9 
gmake[1]: Leaving directory `/dune/app/users/mtanaz/GArSoft/srcs/garsoft/Ana/ParamSim_debug_9/build/CMakeFiles/CMakeTmp'


    Feature record: CXX_FEATURE:1cxx_aggregate_default_initializers
    Feature record: CXX_FEATURE:1cxx_alias_templates
    Feature record: CXX_FEATURE:1cxx_alignas
    Feature record: CXX_FEATURE:1cxx_alignof
    Feature record: CXX_FEATURE:1cxx_attributes
    Feature record: CXX_FEATURE:1cxx_attribute_deprecated
    Feature record: CXX_FEATURE:1cxx_auto_type
    Feature record: CXX_FEATURE:1cxx_binary_literals
    Feature record: CXX_FEATURE:1cxx_constexpr
    Feature record: CXX_FEATURE:1cxx_contextual_conversions
    Feature record: CXX_FEATURE:1cxx_decltype
    Feature record: CXX_FEATURE:1cxx_decltype_auto
    Feature record: CXX_FEATURE:1cxx_decltype_incomplete_return_types
    Feature record: CXX_FEATURE:1cxx_default_function_template_args
    Feature record: CXX_FEATURE:1cxx_defaulted_functions
    Feature record: CXX_FEATURE:1cxx_defaulted_move_initializers
    Feature record: CXX_FEATURE:1cxx_delegating_constructors
    Feature record: CXX_FEATURE:1cxx_deleted_functions
    Feature record: CXX_FEATURE:1cxx_digit_separators
    Feature record: CXX_FEATURE:1cxx_enum_forward_declarations
    Feature record: CXX_FEATURE:1cxx_explicit_conversions
    Feature record: CXX_FEATURE:1cxx_extended_friend_declarations
    Feature record: CXX_FEATURE:1cxx_extern_templates
    Feature record: CXX_FEATURE:1cxx_final
    Feature record: CXX_FEATURE:1cxx_func_identifier
    Feature record: CXX_FEATURE:1cxx_generalized_initializers
    Feature record: CXX_FEATURE:1cxx_generic_lambdas
    Feature record: CXX_FEATURE:1cxx_inheriting_constructors
    Feature record: CXX_FEATURE:1cxx_inline_namespaces
    Feature record: CXX_FEATURE:1cxx_lambdas
    Feature record: CXX_FEATURE:1cxx_lambda_init_captures
    Feature record: CXX_FEATURE:1cxx_local_type_template_args
    Feature record: CXX_FEATURE:1cxx_long_long_type
    Feature record: CXX_FEATURE:1cxx_noexcept
    Feature record: CXX_FEATURE:1cxx_nonstatic_member_init
    Feature record: CXX_FEATURE:1cxx_nullptr
    Feature record: CXX_FEATURE:1cxx_override
    Feature record: CXX_FEATURE:1cxx_range_for
    Feature record: CXX_FEATURE:1cxx_raw_string_literals
    Feature record: CXX_FEATURE:1cxx_reference_qualified_functions
    Feature record: CXX_FEATURE:1cxx_relaxed_constexpr
    Feature record: CXX_FEATURE:1cxx_return_type_deduction
    Feature record: CXX_FEATURE:1cxx_right_angle_brackets
    Feature record: CXX_FEATURE:1cxx_rvalue_references
    Feature record: CXX_FEATURE:1cxx_sizeof_member
    Feature record: CXX_FEATURE:1cxx_static_assert
    Feature record: CXX_FEATURE:1cxx_strong_enums
    Feature record: CXX_FEATURE:1cxx_template_template_parameters
    Feature record: CXX_FEATURE:1cxx_thread_local
    Feature record: CXX_FEATURE:1cxx_trailing_return_types
    Feature record: CXX_FEATURE:1cxx_unicode_literals
    Feature record: CXX_FEATURE:1cxx_uniform_initialization
    Feature record: CXX_FEATURE:1cxx_unrestricted_unions
    Feature record: CXX_FEATURE:1cxx_user_literals
    Feature record: CXX_FEATURE:1cxx_variable_templates
    Feature record: CXX_FEATURE:1cxx_variadic_macros
    Feature record: CXX_FEATURE:1cxx_variadic_templates


Detecting CXX [-std=c++11] compiler features compiled with the following output:
Change Dir: /dune/app/users/mtanaz/GArSoft/srcs/garsoft/Ana/ParamSim_debug_9/build/CMakeFiles/CMakeTmp

Run Build Command:"/usr/bin/gmake" "cmTC_87550/fast"
/usr/bin/gmake -f CMakeFiles/cmTC_87550.dir/build.make CMakeFiles/cmTC_87550.dir/build
gmake[1]: Entering directory `/dune/app/users/mtanaz/GArSoft/srcs/garsoft/Ana/ParamSim_debug_9/build/CMakeFiles/CMakeTmp'
Building CXX object CMakeFiles/cmTC_87550.dir/feature_tests.cxx.o
/cvmfs/larsoft.opensciencegrid.org/products/gcc/v7_3_0/Linux64bit+2.6-2.12/bin/c++    -std=c++11 -o CMakeFiles/cmTC_87550.dir/feature_tests.cxx.o -c /dune/app/users/mtanaz/GArSoft/srcs/garsoft/Ana/ParamSim_debug_9/build/CMakeFiles/feature_tests.cxx
Linking CXX executable cmTC_87550
/cvmfs/larsoft.opensciencegrid.org/products/cmake/v3_10_1/Linux64bit+2.6-2.12/bin/cmake -E cmake_link_script CMakeFiles/cmTC_87550.dir/link.txt --verbose=1
/cvmfs/larsoft.opensciencegrid.org/products/gcc/v7_3_0/Linux64bit+2.6-2.12/bin/c++       -rdynamic CMakeFiles/cmTC_87550.dir/feature_tests.cxx.o  -o cmTC_87550 
gmake[1]: Leaving directory `/dune/app/users/mtanaz/GArSoft/srcs/garsoft/Ana/ParamSim_debug_9/build/CMakeFiles/CMakeTmp'


    Feature record: CXX_FEATURE:0cxx_aggregate_default_initializers
    Feature record: CXX_FEATURE:1cxx_alias_templates
    Feature record: CXX_FEATURE:1cxx_alignas
    Feature record: CXX_FEATURE:1cxx_alignof
    Feature record: CXX_FEATURE:1cxx_attributes
    Feature record: CXX_FEATURE:0cxx_attribute_deprecated
    Feature record: CXX_FEATURE:1cxx_auto_type
    Feature record: CXX_FEATURE:0cxx_binary_literals
    Feature record: CXX_FEATURE:1cxx_constexpr
    Feature record: CXX_FEATURE:0cxx_contextual_conversions
    Feature record: CXX_FEATURE:1cxx_decltype
    Feature record: CXX_FEATURE:0cxx_decltype_auto
    Feature record: CXX_FEATURE:1cxx_decltype_incomplete_return_types
    Feature record: CXX_FEATURE:1cxx_default_function_template_args
    Feature record: CXX_FEATURE:1cxx_defaulted_functions
    Feature record: CXX_FEATURE:1cxx_defaulted_move_initializers
    Feature record: CXX_FEATURE:1cxx_delegating_constructors
    Feature record: CXX_FEATURE:1cxx_deleted_functions
    Feature record: CXX_FEATURE:0cxx_digit_separators
    Feature record: CXX_FEATURE:1cxx_enum_forward_declarations
    Feature record: CXX_FEATURE:1cxx_explicit_conversions
    Feature record: CXX_FEATURE:1cxx_extended_friend_declarations
    Feature record: CXX_FEATURE:1cxx_extern_templates
    Feature record: CXX_FEATURE:1cxx_final
    Feature record: CXX_FEATURE:1cxx_func_identifier
    Feature record: CXX_FEATURE:1cxx_generalized_initializers
    Feature record: CXX_FEATURE:0cxx_generic_lambdas
    Feature record: CXX_FEATURE:1cxx_inheriting_constructors
    Feature record: CXX_FEATURE:1cxx_inline_namespaces
    Feature record: CXX_FEATURE:1cxx_lambdas
    Feature record: CXX_FEATURE:0cxx_lambda_init_captures
    Feature record: CXX_FEATURE:1cxx_local_type_template_args
    Feature record: CXX_FEATURE:1cxx_long_long_type
    Feature record: CXX_FEATURE:1cxx_noexcept
    Feature record: CXX_FEATURE:1cxx_nonstatic_member_init
    Feature record: CXX_FEATURE:1cxx_nullptr
    Feature record: CXX_FEATURE:1cxx_override
    Feature record: CXX_FEATURE:1cxx_range_for
    Feature record: CXX_FEATURE:1cxx_raw_string_literals
    Feature record: CXX_FEATURE:1cxx_reference_qualified_functions
    Feature record: CXX_FEATURE:0cxx_relaxed_constexpr
    Feature record: CXX_FEATURE:0cxx_return_type_deduction
    Feature record: CXX_FEATURE:1cxx_right_angle_brackets
    Feature record: CXX_FEATURE:1cxx_rvalue_references
    Feature record: CXX_FEATURE:1cxx_sizeof_member
    Feature record: CXX_FEATURE:1cxx_static_assert
    Feature record: CXX_FEATURE:1cxx_strong_enums
    Feature record: CXX_FEATURE:1cxx_template_template_parameters
    Feature record: CXX_FEATURE:1cxx_thread_local
    Feature record: CXX_FEATURE:1cxx_trailing_return_types
    Feature record: CXX_FEATURE:1cxx_unicode_literals
    Feature record: CXX_FEATURE:1cxx_uniform_initialization
    Feature record: CXX_FEATURE:1cxx_unrestricted_unions
    Feature record: CXX_FEATURE:1cxx_user_literals
    Feature record: CXX_FEATURE:0cxx_variable_templates
    Feature record: CXX_FEATURE:1cxx_variadic_macros
    Feature record: CXX_FEATURE:1cxx_variadic_templates


Detecting CXX [-std=c++98] compiler features compiled with the following output:
Change Dir: /dune/app/users/mtanaz/GArSoft/srcs/garsoft/Ana/ParamSim_debug_9/build/CMakeFiles/CMakeTmp

Run Build Command:"/usr/bin/gmake" "cmTC_b05de/fast"
/usr/bin/gmake -f CMakeFiles/cmTC_b05de.dir/build.make CMakeFiles/cmTC_b05de.dir/build
gmake[1]: Entering directory `/dune/app/users/mtanaz/GArSoft/srcs/garsoft/Ana/ParamSim_debug_9/build/CMakeFiles/CMakeTmp'
Building CXX object CMakeFiles/cmTC_b05de.dir/feature_tests.cxx.o
/cvmfs/larsoft.opensciencegrid.org/products/gcc/v7_3_0/Linux64bit+2.6-2.12/bin/c++    -std=c++98 -o CMakeFiles/cmTC_b05de.dir/feature_tests.cxx.o -c /dune/app/users/mtanaz/GArSoft/srcs/garsoft/Ana/ParamSim_debug_9/build/CMakeFiles/feature_tests.cxx
Linking CXX executable cmTC_b05de
/cvmfs/larsoft.opensciencegrid.org/products/cmake/v3_10_1/Linux64bit+2.6-2.12/bin/cmake -E cmake_link_script CMakeFiles/cmTC_b05de.dir/link.txt --verbose=1
/cvmfs/larsoft.opensciencegrid.org/products/gcc/v7_3_0/Linux64bit+2.6-2.12/bin/c++       -rdynamic CMakeFiles/cmTC_b05de.dir/feature_tests.cxx.o  -o cmTC_b05de 
gmake[1]: Leaving directory `/dune/app/users/mtanaz/GArSoft/srcs/garsoft/Ana/ParamSim_debug_9/build/CMakeFiles/CMakeTmp'


    Feature record: CXX_FEATURE:0cxx_aggregate_default_initializers
    Feature record: CXX_FEATURE:0cxx_alias_templates
    Feature record: CXX_FEATURE:0cxx_alignas
    Feature record: CXX_FEATURE:0cxx_alignof
    Feature record: CXX_FEATURE:0cxx_attributes
    Feature record: CXX_FEATURE:0cxx_attribute_deprecated
    Feature record: CXX_FEATURE:0cxx_auto_type
    Feature record: CXX_FEATURE:0cxx_binary_literals
    Feature record: CXX_FEATURE:0cxx_constexpr
    Feature record: CXX_FEATURE:0cxx_contextual_conversions
    Feature record: CXX_FEATURE:0cxx_decltype
    Feature record: CXX_FEATURE:0cxx_decltype_auto
    Feature record: CXX_FEATURE:0cxx_decltype_incomplete_return_types
    Feature record: CXX_FEATURE:0cxx_default_function_template_args
    Feature record: CXX_FEATURE:0cxx_defaulted_functions
    Feature record: CXX_FEATURE:0cxx_defaulted_move_initializers
    Feature record: CXX_FEATURE:0cxx_delegating_constructors
    Feature record: CXX_FEATURE:0cxx_deleted_functions
    Feature record: CXX_FEATURE:0cxx_digit_separators
    Feature record: CXX_FEATURE:0cxx_enum_forward_declarations
    Feature record: CXX_FEATURE:0cxx_explicit_conversions
    Feature record: CXX_FEATURE:0cxx_extended_friend_declarations
    Feature record: CXX_FEATURE:0cxx_extern_templates
    Feature record: CXX_FEATURE:0cxx_final
    Feature record: CXX_FEATURE:0cxx_func_identifier
    Feature record: CXX_FEATURE:0cxx_generalized_initializers
    Feature record: CXX_FEATURE:0cxx_generic_lambdas
    Feature record: CXX_FEATURE:0cxx_inheriting_constructors
    Feature record: CXX_FEATURE:0cxx_inline_namespaces
    Feature record: CXX_FEATURE:0cxx_lambdas
    Feature record: CXX_FEATURE:0cxx_lambda_init_captures
    Feature record: CXX_FEATURE:0cxx_local_type_template_args
    Feature record: CXX_FEATURE:0cxx_long_long_type
    Feature record: CXX_FEATURE:0cxx_noexcept
    Feature record: CXX_FEATURE:0cxx_nonstatic_member_init
    Feature record: CXX_FEATURE:0cxx_nullptr
    Feature record: CXX_FEATURE:0cxx_override
    Feature record: CXX_FEATURE:0cxx_range_for
    Feature record: CXX_FEATURE:0cxx_raw_string_literals
    Feature record: CXX_FEATURE:0cxx_reference_qualified_functions
    Feature record: CXX_FEATURE:0cxx_relaxed_constexpr
    Feature record: CXX_FEATURE:0cxx_return_type_deduction
    Feature record: CXX_FEATURE:0cxx_right_angle_brackets
    Feature record: CXX_FEATURE:0cxx_rvalue_references
    Feature record: CXX_FEATURE:0cxx_sizeof_member
    Feature record: CXX_FEATURE:0cxx_static_assert
    Feature record: CXX_FEATURE:0cxx_strong_enums
    Feature record: CXX_FEATURE:1cxx_template_template_parameters
    Feature record: CXX_FEATURE:0cxx_thread_local
    Feature record: CXX_FEATURE:0cxx_trailing_return_types
    Feature record: CXX_FEATURE:0cxx_unicode_literals
    Feature record: CXX_FEATURE:0cxx_uniform_initialization
    Feature record: CXX_FEATURE:0cxx_unrestricted_unions
    Feature record: CXX_FEATURE:0cxx_user_literals
    Feature record: CXX_FEATURE:0cxx_variable_templates
    Feature record: CXX_FEATURE:0cxx_variadic_macros
    Feature record: CXX_FEATURE:0cxx_variadic_templates
Performing C++ SOURCE FILE Test COMPILER_SUPPORTS_CXX_FLAGS succeeded with the following output:
Change Dir: /dune/app/users/mtanaz/GArSoft/srcs/garsoft/Ana/ParamSim_debug_9/build/CMakeFiles/CMakeTmp

Run Build Command:"/usr/bin/gmake" "cmTC_676eb/fast"
/usr/bin/gmake -f CMakeFiles/cmTC_676eb.dir/build.make CMakeFiles/cmTC_676eb.dir/build
gmake[1]: Entering directory `/dune/app/users/mtanaz/GArSoft/srcs/garsoft/Ana/ParamSim_debug_9/build/CMakeFiles/CMakeTmp'
Building CXX object CMakeFiles/cmTC_676eb.dir/src.cxx.o
/cvmfs/larsoft.opensciencegrid.org/products/gcc/v7_3_0/Linux64bit+2.6-2.12/bin/c++    -Werror -pedantic -Wno-long-long -Wno-sign-compare -Wshadow -fno-strict-aliasing -std=c++17  -DCOMPILER_SUPPORTS_CXX_FLAGS   -Werror -pedantic -Wno-long-long -Wno-sign-compare -Wshadow -fno-strict-aliasing -std=c++17 -o CMakeFiles/cmTC_676eb.dir/src.cxx.o -c /dune/app/users/mtanaz/GArSoft/srcs/garsoft/Ana/ParamSim_debug_9/build/CMakeFiles/CMakeTmp/src.cxx
Linking CXX executable cmTC_676eb
/cvmfs/larsoft.opensciencegrid.org/products/cmake/v3_10_1/Linux64bit+2.6-2.12/bin/cmake -E cmake_link_script CMakeFiles/cmTC_676eb.dir/link.txt --verbose=1
/cvmfs/larsoft.opensciencegrid.org/products/gcc/v7_3_0/Linux64bit+2.6-2.12/bin/c++  -Werror -pedantic -Wno-long-long -Wno-sign-compare -Wshadow -fno-strict-aliasing -std=c++17  -DCOMPILER_SUPPORTS_CXX_FLAGS    -rdynamic CMakeFiles/cmTC_676eb.dir/src.cxx.o  -o cmTC_676eb 
gmake[1]: Leaving directory `/dune/app/users/mtanaz/GArSoft/srcs/garsoft/Ana/ParamSim_debug_9/build/CMakeFiles/CMakeTmp'

Source file was:
int main() { return 0; }
